<?xml version="1.0" encoding="UTF-8"?>
<testsuite name="com.jojoldu.book.springboot.web.HelloControllerTest" tests="2" skipped="0" failures="0" errors="0" timestamp="2021-09-11T16:00:53" hostname="ihanjuui-MacBookPro.local" time="0.141">
  <properties/>
  <testcase name="hello가_리턴된다" classname="com.jojoldu.book.springboot.web.HelloControllerTest" time="0.068"/>
  <testcase name="helloDto가_리턴된다" classname="com.jojoldu.book.springboot.web.HelloControllerTest" time="0.072"/>
  <system-out><![CDATA[2021-09-12 01:00:52.856  INFO 2264 --- [    Test worker] .b.t.a.w.s.WebMvcTestContextBootstrapper : Neither @ContextConfiguration nor @ContextHierarchy found for test class [com.jojoldu.book.springboot.web.HelloControllerTest], using SpringBootContextLoader
2021-09-12 01:00:52.857  INFO 2264 --- [    Test worker] o.s.t.c.support.AbstractContextLoader    : Could not detect default resource locations for test class [com.jojoldu.book.springboot.web.HelloControllerTest]: no resource found for suffixes {-context.xml, Context.groovy}.
2021-09-12 01:00:52.857  INFO 2264 --- [    Test worker] t.c.s.AnnotationConfigContextLoaderUtils : Could not detect default configuration classes for test class [com.jojoldu.book.springboot.web.HelloControllerTest]: HelloControllerTest does not declare any static, non-private, non-final, nested classes annotated with @Configuration.
2021-09-12 01:00:52.880  INFO 2264 --- [    Test worker] .b.t.c.SpringBootTestContextBootstrapper : Found @SpringBootConfiguration com.jojoldu.book.springboot.Application for test class com.jojoldu.book.springboot.web.HelloControllerTest
2021-09-12 01:00:52.881  INFO 2264 --- [    Test worker] .b.t.a.w.s.WebMvcTestContextBootstrapper : Loaded default TestExecutionListener class names from location [META-INF/spring.factories]: [org.springframework.security.test.context.support.WithSecurityContextTestExecutionListener, org.springframework.security.test.context.support.ReactorContextTestExecutionListener, org.springframework.boot.test.autoconfigure.restdocs.RestDocsTestExecutionListener, org.springframework.boot.test.autoconfigure.web.client.MockRestServiceServerResetTestExecutionListener, org.springframework.boot.test.autoconfigure.web.servlet.MockMvcPrintOnlyOnFailureTestExecutionListener, org.springframework.boot.test.autoconfigure.web.servlet.WebDriverTestExecutionListener, org.springframework.boot.test.mock.mockito.MockitoTestExecutionListener, org.springframework.boot.test.mock.mockito.ResetMocksTestExecutionListener, org.springframework.test.context.web.ServletTestExecutionListener, org.springframework.test.context.support.DirtiesContextBeforeModesTestExecutionListener, org.springframework.test.context.support.DependencyInjectionTestExecutionListener, org.springframework.test.context.support.DirtiesContextTestExecutionListener, org.springframework.test.context.transaction.TransactionalTestExecutionListener, org.springframework.test.context.jdbc.SqlScriptsTestExecutionListener]
2021-09-12 01:00:52.882  INFO 2264 --- [    Test worker] .b.t.a.w.s.WebMvcTestContextBootstrapper : Using TestExecutionListeners: [org.springframework.test.context.web.ServletTestExecutionListener@1d4d12af, org.springframework.test.context.support.DirtiesContextBeforeModesTestExecutionListener@20047c5b, org.springframework.boot.test.mock.mockito.MockitoTestExecutionListener@540a3ca9, org.springframework.boot.test.autoconfigure.SpringBootDependencyInjectionTestExecutionListener@5c72b37f, org.springframework.test.context.support.DirtiesContextTestExecutionListener@29df1a34, org.springframework.test.context.transaction.TransactionalTestExecutionListener@2aba4df0, org.springframework.test.context.jdbc.SqlScriptsTestExecutionListener@2fd0d37a, org.springframework.security.test.context.support.WithSecurityContextTestExecutionListener@667064b4, org.springframework.security.test.context.support.ReactorContextTestExecutionListener@372fccf4, org.springframework.boot.test.autoconfigure.restdocs.RestDocsTestExecutionListener@4f02c22c, org.springframework.boot.test.autoconfigure.web.client.MockRestServiceServerResetTestExecutionListener@666083b5, org.springframework.boot.test.autoconfigure.web.servlet.MockMvcPrintOnlyOnFailureTestExecutionListener@3501e09, org.springframework.boot.test.autoconfigure.web.servlet.WebDriverTestExecutionListener@4ad13afb, org.springframework.boot.test.mock.mockito.ResetMocksTestExecutionListener@139b922f]

  .   ____          _            __ _ _
 /\\ / ___'_ __ _ _(_)_ __  __ _ \ \ \ \
( ( )\___ | '_ | '_| | '_ \/ _` | \ \ \ \
 \\/  ___)| |_)| | | | | || (_| |  ) ) ) )
  '  |____| .__|_| |_|_| |_\__, | / / / /
 =========|_|==============|___/=/_/_/_/
 :: Spring Boot ::        (v2.1.7.RELEASE)

2021-09-12 01:00:52.911  INFO 2264 --- [    Test worker] c.j.b.s.web.HelloControllerTest          : Starting HelloControllerTest on ihanjuui-MacBookPro.local with PID 2264 (started by ihanju in /Users/ihanju/study/freelec-springboot2-webservice)
2021-09-12 01:00:52.911  INFO 2264 --- [    Test worker] c.j.b.s.web.HelloControllerTest          : The following profiles are active: oauth
2021-09-12 01:00:53.232  INFO 2264 --- [    Test worker] o.s.s.concurrent.ThreadPoolTaskExecutor  : Initializing ExecutorService 'applicationTaskExecutor'
2021-09-12 01:00:53.257  INFO 2264 --- [    Test worker] o.s.b.a.w.s.WelcomePageHandlerMapping    : Adding welcome page template: index
2021-09-12 01:00:53.389  INFO 2264 --- [    Test worker] .s.s.UserDetailsServiceAutoConfiguration : 

Using generated security password: 83da1e67-1356-4623-ac56-7101abd4308e

2021-09-12 01:00:53.475  INFO 2264 --- [    Test worker] o.s.s.web.DefaultSecurityFilterChain     : Creating filter chain: any request, [org.springframework.security.web.context.request.async.WebAsyncManagerIntegrationFilter@12453373, org.springframework.security.web.context.SecurityContextPersistenceFilter@4692769b, org.springframework.security.web.header.HeaderWriterFilter@6d243769, org.springframework.security.web.csrf.CsrfFilter@180bdb1e, org.springframework.security.web.authentication.logout.LogoutFilter@7ff518d4, org.springframework.security.web.authentication.UsernamePasswordAuthenticationFilter@594fb1f0, org.springframework.security.web.authentication.ui.DefaultLoginPageGeneratingFilter@74af32ca, org.springframework.security.web.authentication.ui.DefaultLogoutPageGeneratingFilter@253384ef, org.springframework.security.web.authentication.www.BasicAuthenticationFilter@6570e507, org.springframework.security.web.savedrequest.RequestCacheAwareFilter@1d7f7fbc, org.springframework.security.web.servletapi.SecurityContextHolderAwareRequestFilter@51ac9c05, org.springframework.security.web.authentication.AnonymousAuthenticationFilter@47090593, org.springframework.security.web.session.SessionManagementFilter@2bb1c2f8, org.springframework.security.web.access.ExceptionTranslationFilter@3e8ca742, org.springframework.security.web.access.intercept.FilterSecurityInterceptor@162b34bd]
2021-09-12 01:00:53.506  INFO 2264 --- [    Test worker] o.s.b.t.m.w.SpringBootMockServletContext : Initializing Spring TestDispatcherServlet ''
2021-09-12 01:00:53.507  INFO 2264 --- [    Test worker] o.s.t.web.servlet.TestDispatcherServlet  : Initializing Servlet ''
2021-09-12 01:00:53.518  INFO 2264 --- [    Test worker] o.s.t.web.servlet.TestDispatcherServlet  : Completed initialization in 11 ms
2021-09-12 01:00:53.538  INFO 2264 --- [    Test worker] c.j.b.s.web.HelloControllerTest          : Started HelloControllerTest in 0.653 seconds (JVM running for 8.051)
]]></system-out>
  <system-err><![CDATA[]]></system-err>
</testsuite>
